Genegare invoice #0000356 (Driver Fee) for company atestnew
Genegare invoice #0000364 (Driver Fee) for company test
Genegare invoice #0000372 (Driver Fee) for company test3
Genegare invoice #0000380 (Subscription fee) for company atestnew
Genegare invoice #0000398 (Subscription fee) for company test
Genegare invoice #0000406 (Subscription fee) for company test3
Genegare invoice #0000414 (Subscription fee) for company atestnew
Genegare invoice #0000422 (Subscription fee) for company test
Genegare invoice #0000430 (Subscription fee) for company test3
Genegare invoice #0000448 (Subscription fee) for company atestnew
Genegare invoice #0000455 (Subscription fee) for company test
Genegare invoice #0000463 (Subscription fee) for company test3
Genegare invoice #0000471 (Client Fee) for company atestnew
Genegare invoice #0000489 (Client Fee) for company test
Genegare invoice #0000497 (Client Fee) for company test3
Genegare invoice #0000505 (Subscription fee) for company atestnew
Genegare invoice #0000513 (Subscription fee) for company test
Genegare invoice #0000513 (Driver Fee) for company atestnew
Genegare invoice #0000521 (Subscription fee) for company test3
Genegare invoice #0000547 (Driver Fee) for company test
Genegare invoice #0000554 (Driver Fee) for company test3
Genegare invoice #0000562 (Client Fee) for company atestnew
Genegare invoice #0000570 (Client Fee) for company test
Genegare invoice #0000588 (Client Fee) for company test3
Genegare invoice #0000596 (Driver Fee) for company atestnew
Genegare invoice #0000604 (Driver Fee) for company test
Genegare invoice #0000612 (Driver Fee) for company test3
Genegare invoice #0000620 (Subscription fee) for company atestnew
Genegare invoice #0000638 (Subscription fee) for company test
Genegare invoice #0000646 (Subscription fee) for company test3
Genegare invoice #0000653 (Subscription fee) for company atestnew
Genegare invoice #0000653 (Driver Fee) for company atestnew
Genegare invoice #0000679 (Subscription fee) for company test
Genegare invoice #0000679 (Driver Fee) for company test
Genegare invoice #0000695 (Subscription fee) for company test3
Genegare invoice #0000695 (Driver Fee) for company test3
Genegare invoice #0000711 (Client Fee) for company atestnew
Genegare invoice #0000729 (Client Fee) for company test
Genegare invoice #0000737 (Client Fee) for company test3
Genegare invoice #0000745 (Client Fee) for company atestnew
Genegare invoice #0000752 (Client Fee) for company test
Genegare invoice #0000760 (Client Fee) for company test3
Genegare invoice #0000778 (Subscription fee) for company atestnew
Genegare invoice #0000786 (Subscription fee) for company test
Genegare invoice #0000794 (Subscription fee) for company test3
Genegare invoice #0000802 (Driver Fee) for company atestnew
Genegare invoice #0000810 (Driver Fee) for company test
Genegare invoice #0000828 (Driver Fee) for company test3
Genegare invoice #0000836 (Subscription fee) for company atestnew
Genegare invoice #0000836 (Client Fee) for company atestnew
Genegare invoice #0000844 (Subscription fee) for company test
Genegare invoice #0000851 (Client Fee) for company test
Genegare invoice #0000869 (Subscription fee) for company test3
Genegare invoice #0000877 (Client Fee) for company test3
Genegare invoice #0000893 (Driver Fee) for company atestnew
Genegare invoice #0000901 (Driver Fee) for company test
Genegare invoice #0000919 (Driver Fee) for company test3
Genegare invoice #0000927 (Driver Fee) for company atestnew
Genegare invoice #0000935 (Driver Fee) for company test
Genegare invoice #0000943 (Driver Fee) for company test3
Genegare invoice #0000950 (Subscription fee) for company atestnew
Genegare invoice #0000968 (Subscription fee) for company test
Genegare invoice #0000976 (Subscription fee) for company test3
Genegare invoice #0000984 (Client Fee) for company atestnew
Genegare invoice #0000992 (Client Fee) for company test
Genegare invoice #0001008 (Client Fee) for company test3
Genegare invoice #0001016 (Subscription fee) for company atestnew
Genegare invoice #0001016 (Client Fee) for company atestnew
Genegare invoice #0001032 (Client Fee) for company test
Genegare invoice #0001032 (Subscription fee) for company test
Genegare invoice #0001057 (Client Fee) for company test3
Genegare invoice #0001057 (Subscription fee) for company test3
Genegare invoice #0001073 (Driver Fee) for company atestnew
Genegare invoice #0001081 (Driver Fee) for company test
Genegare invoice #0001099 (Driver Fee) for company test3
Genegare invoice #0001149 (Client Fee) for company Company Jakobs10
Genegare invoice #0001156 (Driver Fee) for company Company Jakobs10
Genegare invoice #0001156 (Subscription fee) for company Company Jakobs10
Genegare invoice #0001172 (Client Fee) for company Company Jakobs10
Genegare invoice #0001180 (Subscription fee) for company Company Jakobs10
Genegare invoice #0001198 (Driver Fee) for company Company Jakobs10
Genegare invoice #0001206 (Subscription fee) for company Company Jakobs10
Genegare invoice #0001206 (Driver Fee) for company Company Jakobs10
Genegare invoice #0001222 (Client Fee) for company Company Jakobs10
Genegare invoice #0001230 (Driver Fee) for company Company Jakobs10
Genegare invoice #0001230 (Client Fee) for company Company Jakobs10
Genegare invoice #0001230 (Subscription fee) for company Company Jakobs10
Genegare invoice #0001263 (Driver Fee) for company Company Jakobs10
Genegare invoice #0001271 (Subscription fee) for company Company Jakobs10
Genegare invoice #0001289 (Client Fee) for company Company Jakobs10
Genegare invoice #0001313 (Driver Fee) for company Company Jakobs10
Genegare invoice #0001321 (Driver Fee) for company test
Genegare invoice #0001339 (Driver Fee) for company My company
Genegare invoice #0001347 (Subscription fee) for company Company Jakobs10
Genegare invoice #0001354 (Subscription fee) for company test
Genegare invoice #0001362 (Subscription fee) for company My company
Genegare invoice #0001370 (Client Fee) for company Company Jakobs10
Genegare invoice #0001388 (Client Fee) for company test
Genegare invoice #0001396 (Client Fee) for company My company
Genegare invoice #0001404 (Subscription fee) for company Company Jakobs10
Genegare invoice #0001412 (Subscription fee) for company test
Genegare invoice #0001420 (Subscription fee) for company My company
Genegare invoice #0001438 (Client Fee) for company Company Jakobs10
Genegare invoice #0001438 (Driver Fee) for company Company Jakobs10
Genegare invoice #0001453 (Client Fee) for company test
Genegare invoice #0001453 (Driver Fee) for company test
Genegare invoice #0001479 (Driver Fee) for company My company
Genegare invoice #0001479 (Client Fee) for company My company
Genegare invoice #0001883 (Driver fee) for company Company Jakobs10
Genegare invoice #0001891 (Driver fee) for company test
Genegare invoice #0001909 (Driver fee) for company My company
Genegare invoice #0001917 (Subscription Fee) for company Company Jakobs10
Genegare invoice #0001925 (Subscription Fee) for company test
Genegare invoice #0001933 (Subscription Fee) for company My company
Genegare invoice #0001982 (Driver fee) for company Company Jakobs10
Genegare invoice #0001990 (Driver fee) for company test
Genegare invoice #0002006 (Driver fee) for company My company
Genegare invoice #0002014 (Driver fee) for company test
Genegare invoice #0002022 (Driver fee) for company testclient
Genegare invoice #0002030 (Driver fee) for company Company Jakobs10
Genegare invoice #0002048 (Driver fee) for company test
Genegare invoice #0002055 (Driver fee) for company My company
Genegare invoice #0002063 (Driver fee) for company test
Genegare invoice #0002071 (Driver fee) for company testclient
